[debug] > Exec(early(addDefaultCommands), None, None)
[debug] > Exec(addDefaultCommands, None, None)
[debug] > Exec(early(initialize), None, None)
[debug] > Exec(initialize, None, None)
[debug] > Exec(early(addPluginSbtFile="""C:\Users\Админ\AppData\Local\Temp\idea7.sbt"""), None, None)
[debug] > Exec(addPluginSbtFile="""C:\Users\Админ\AppData\Local\Temp\idea7.sbt""", None, None)
[debug] > Exec(boot, None, None)
[debug] > Exec(writeSbtVersion, None, None)
[debug] > Exec(reload, None, None)
[debug] > Exec(sbtStashOnFailure, None, None)
[debug] > Exec(onFailure loadFailed, None, None)
[debug] > Exec(loadp, None, None)
[info] welcome to sbt 1.4.6 (Oracle Corporation Java 15.0.1)
[debug]       Load.loadUnit: plugins took 97.6548ms
[debug]       Load.loadUnit: defsScala took 0.2915ms
[debug] [Loading] Scanning directory C:\Users\Админ\.sbt\1.0\plugins
[debug] [Loading] Found non-root projects 
[debug] [Loading] Done in C:\Users\Админ\.sbt\1.0\plugins, returning: ()
[debug] deducing auto plugins based on known facts Set(Atom(sbt.plugins.CorePlugin)) and clauses Clauses(List(Clause(Atom(sbt.plugins.JvmPlugin),Set(Atom(sbt.plugins.IvyPlugin))), Clause(Atom(sbt.ScriptedPlugin),Set(Atom(sbt.plugins.JvmPlugin))), Clause(Atom(sbt.plugins.SbtPlugin),Set(Atom(sbt.ScriptedPlugin))), Clause(Atom(sbt.plugins.SemanticdbPlugin),Set(Atom(sbt.plugins.JvmPlugin))), Clause(Atom(sbt.plugins.JUnitXmlReportPlugin),Set(Atom(sbt.plugins.JvmPlugin))), Clause(Atom(sbt.plugins.MiniDependencyTreePlugin),Set(Atom(sbt.plugins.JvmPlugin))), Clause(Atom(sbt.plugins.CorePlugin),Set(Atom(sbt.plugins.IvyPlugin))), Clause(Atom(sbt.plugins.IvyPlugin),Set(Atom(sbt.plugins.JvmPlugin))), Clause(Atom(sbt.plugins.JvmPlugin),Set(Atom(sbt.plugins.SemanticdbPlugin))), Clause(Atom(sbt.plugins.JvmPlugin),Set(Atom(sbt.plugins.JUnitXmlReportPlugin))), Clause(Atom(sbt.plugins.CorePlugin),Set(Atom(sbt.plugins.Giter8TemplatePlugin))), Clause(Atom(sbt.plugins.JvmPlugin),Set(Atom(sbt.plugins.MiniDependencyTreePlugin)))))
[debug]   :: deduced result: Matched(sbt.plugins.CorePlugin,sbt.plugins.Giter8TemplatePlugin,sbt.plugins.IvyPlugin,sbt.plugins.JvmPlugin,sbt.plugins.MiniDependencyTreePlugin,sbt.plugins.JUnitXmlReportPlugin,sbt.plugins.SemanticdbPlugin)
[debug] Plugins.deducer#function took 17.4559 ms
[debug]           Load.resolveProject(global-plugins) took 42.9673ms
[debug]         Load.loadTransitive: finalizeProject(Project(id global-plugins, base: C:\Users\Админ\.sbt\1.0\plugins, plugins: List(<none>))) took 87.8511ms
[debug] [Loading] Done in C:\Users\Админ\.sbt\1.0\plugins, returning: (global-plugins)
[debug]       Load.loadUnit: loadedProjectsRaw took 123.6803ms
[debug]       Load.loadUnit: cleanEvalClasses took 0.1518ms
[debug]     Load.loadUnit(file:/C:/Users/Админ/.sbt/1.0/plugins/, ...) took 231.3316ms
[debug]   Load.apply: load took 508.7715ms
[debug]   Load.apply: resolveProjects took 4.1313ms
[debug]   Load.apply: finalTransforms took 61.9109ms
[debug]   Load.apply: config.delegates took 5.5591ms
[debug]   Load.apply: Def.make(settings)... took 346.2429ms
[debug]   Load.apply: structureIndex took 77.9439ms
[debug]   Load.apply: mkStreams took 1.1205ms
[info] loading global plugins from C:\Users\Админ\.sbt\1.0\plugins
[debug] Running task... Cancel: Signal, check cycles: false, forcegc: true
[debug] Load.defaultLoad until apply took 2284.0686ms
[debug]           Load.loadUnit: plugins took 25.9928ms
[debug]           Load.loadUnit: defsScala took 0.003ms
[debug] [Loading] Scanning directory C:\Users\Админ\Desktop\Scala\untitled\project
[debug]             Load.loadUnit: mkEval took 5.0764ms
[debug] [Loading] Found non-root projects 
[debug] [Loading] Done in C:\Users\Админ\Desktop\Scala\untitled\project, returning: ()
[debug] deducing auto plugins based on known facts Set(Atom(sbt.plugins.CorePlugin)) and clauses Clauses(List(Clause(Atom(sbt.plugins.JvmPlugin),Set(Atom(sbt.plugins.IvyPlugin))), Clause(Atom(sbt.ScriptedPlugin),Set(Atom(sbt.plugins.JvmPlugin))), Clause(Atom(sbt.plugins.SbtPlugin),Set(Atom(sbt.ScriptedPlugin))), Clause(Atom(sbt.plugins.SemanticdbPlugin),Set(Atom(sbt.plugins.JvmPlugin))), Clause(Atom(sbt.plugins.JUnitXmlReportPlugin),Set(Atom(sbt.plugins.JvmPlugin))), Clause(Atom(sbt.plugins.MiniDependencyTreePlugin),Set(Atom(sbt.plugins.JvmPlugin))), Clause(Atom(sbt.plugins.CorePlugin),Set(Atom(sbt.plugins.IvyPlugin))), Clause(Atom(sbt.plugins.IvyPlugin),Set(Atom(sbt.plugins.JvmPlugin))), Clause(Atom(sbt.plugins.JvmPlugin),Set(Atom(sbt.plugins.SemanticdbPlugin))), Clause(Atom(sbt.plugins.JvmPlugin),Set(Atom(sbt.plugins.JUnitXmlReportPlugin))), Clause(Atom(sbt.plugins.CorePlugin),Set(Atom(sbt.plugins.Giter8TemplatePlugin))), Clause(Atom(sbt.plugins.JvmPlugin),Set(Atom(sbt.plugins.MiniDependencyTreePlugin)))))
[debug]   :: deduced result: Matched(sbt.plugins.CorePlugin,sbt.plugins.Giter8TemplatePlugin,sbt.plugins.IvyPlugin,sbt.plugins.JvmPlugin,sbt.plugins.MiniDependencyTreePlugin,sbt.plugins.JUnitXmlReportPlugin,sbt.plugins.SemanticdbPlugin)
[debug] Plugins.deducer#function took 1.2338 ms
[info] loading settings for project untitled-build from idea7.sbt ...
[debug]               Load.resolveProject(untitled-build) took 2.4241ms
[debug]             Load.loadTransitive: finalizeProject(Project(id untitled-build, base: C:\Users\Админ\Desktop\Scala\untitled\project, plugins: List(<none>))) took 4.2041ms
[debug] [Loading] Done in C:\Users\Админ\Desktop\Scala\untitled\project, returning: (untitled-build)
[debug]           Load.loadUnit: loadedProjectsRaw took 2007.9759ms
[debug]           Load.loadUnit: cleanEvalClasses took 5.4138ms
[debug]         Load.loadUnit(file:/C:/Users/Админ/Desktop/Scala/untitled/project/, ...) took 2040.2177ms
[debug]       Load.apply: load took 2041.421ms
[debug]       Load.apply: resolveProjects took 0.0817ms
[debug]       Load.apply: finalTransforms took 15.6621ms
[debug]       Load.apply: config.delegates took 0.4841ms
[debug]       Load.apply: Def.make(settings)... took 67.7027ms
[debug]       Load.apply: structureIndex took 33.0161ms
[debug]       Load.apply: mkStreams took 0.0038ms
[info] loading project definition from C:\Users\Админ\Desktop\Scala\untitled\project
[debug] Running task... Cancel: Signal, check cycles: false, forcegc: true
[debug]     Load.loadUnit: plugins took 8170.7404ms
[debug]     Load.loadUnit: defsScala took 0.0027ms
[debug] [Loading] Scanning directory C:\Users\Админ\Desktop\Scala\untitled
[debug]       Load.loadUnit: mkEval took 0.2014ms
[debug] [Loading] Found non-root projects 
[debug] [Loading] Done in C:\Users\Админ\Desktop\Scala\untitled, returning: ()
[debug] deducing auto plugins based on known facts Set(Atom(sbt.plugins.CorePlugin)) and clauses Clauses(List(Clause(Atom(sbt.plugins.JvmPlugin),Set(Atom(sbt.plugins.IvyPlugin))), Clause(Atom(sbt.ScriptedPlugin),Set(Atom(sbt.plugins.JvmPlugin))), Clause(Atom(sbt.plugins.SbtPlugin),Set(Atom(sbt.ScriptedPlugin))), Clause(Atom(sbt.plugins.SemanticdbPlugin),Set(Atom(sbt.plugins.JvmPlugin))), Clause(Atom(sbt.plugins.JUnitXmlReportPlugin),Set(Atom(sbt.plugins.JvmPlugin))), Clause(Atom(sbt.plugins.MiniDependencyTreePlugin),Set(Atom(sbt.plugins.JvmPlugin))), Clause(Atom(org.jetbrains.sbt.StructurePlugin),Set(Atom(sbt.plugins.JvmPlugin))), Clause(Atom(org.jetbrains.sbt.IdeaShellPlugin),Set(Atom(sbt.plugins.JvmPlugin))), Clause(Atom(org.jetbrains.sbt.indices.SbtIntellijIndicesPlugin),Set(Atom(sbt.plugins.JvmPlugin))), Clause(Atom(sbt.plugins.CorePlugin),Set(Atom(sbt.plugins.IvyPlugin))), Clause(Atom(sbt.plugins.IvyPlugin),Set(Atom(sbt.plugins.JvmPlugin))), Clause(Atom(sbt.plugins.JvmPlugin),Set(Atom(sbt.plugins.SemanticdbPlugin))), Clause(Atom(sbt.plugins.JvmPlugin),Set(Atom(sbt.plugins.JUnitXmlReportPlugin))), Clause(Atom(sbt.plugins.CorePlugin),Set(Atom(sbt.plugins.Giter8TemplatePlugin))), Clause(Atom(sbt.plugins.JvmPlugin),Set(Atom(sbt.plugins.MiniDependencyTreePlugin))), Clause(Atom(sbt.plugins.JvmPlugin),Set(Atom(org.jetbrains.sbt.StructurePlugin))), Clause(Atom(sbt.plugins.JvmPlugin),Set(Atom(org.jetbrains.sbt.IdeaShellPlugin))), Clause(And(Set(Atom(sbt.plugins.CorePlugin), Atom(sbt.plugins.JvmPlugin))),Set(Atom(org.jetbrains.sbt.indices.SbtIntellijIndicesPlugin)))))
[debug]   :: deduced result: Matched(sbt.plugins.CorePlugin,sbt.plugins.Giter8TemplatePlugin,sbt.plugins.IvyPlugin,sbt.plugins.JvmPlugin,sbt.plugins.SemanticdbPlugin,org.jetbrains.sbt.indices.SbtIntellijIndicesPlugin,sbt.plugins.JUnitXmlReportPlugin,org.jetbrains.sbt.IdeaShellPlugin,org.jetbrains.sbt.StructurePlugin,sbt.plugins.MiniDependencyTreePlugin)
[debug] Plugins.deducer#function took 1.6753 ms
[info] loading settings for project untitled from build.sbt ...
[debug]         Load.resolveProject(untitled) took 34.2403ms
[debug]       Load.loadTransitive: finalizeProject(Project(id untitled, base: C:\Users\Админ\Desktop\Scala\untitled, plugins: List(<none>))) took 36.89ms
[debug] [Loading] Done in C:\Users\Админ\Desktop\Scala\untitled, returning: (untitled)
[debug]     Load.loadUnit: loadedProjectsRaw took 1463.3991ms
[debug]     Load.loadUnit: cleanEvalClasses took 28.5855ms
[debug]   Load.loadUnit(file:/C:/Users/Админ/Desktop/Scala/untitled/, ...) took 9663.5952ms
[debug] Load.apply: load took 9665.1054ms
[debug] Load.apply: resolveProjects took 0.1611ms
[debug] Load.apply: finalTransforms took 28.3495ms
[debug] Load.apply: config.delegates took 0.3238ms
[debug] Load.apply: Def.make(settings)... took 68.7995ms
[debug] Load.apply: structureIndex took 33.447ms
[debug] Load.apply: mkStreams took 0.002ms
[info] set current project to untitled (in build file:/C:/Users/Админ/Desktop/Scala/untitled/)
[debug] > Exec(sbtPopOnFailure, None, None)
[debug] > Exec(resumeFromFailure, None, None)
[debug] > Exec(notifyUsersAboutShell, None, None)
[debug] > Exec(iflast shell, None, None)
[debug] > Exec(; set ideaPort in Global := 59109 ; idea-shell, None, None)
[debug] > Exec(set ideaPort in Global := 59109, None, None)
[info] Defining Global / ideaPort
[info] The new value will be used by Compile / compile, Test / compile
[debug] Defining 
[debug] 	Global / ideaPort
[debug] 
[debug] The new value will be used by 
[debug] 	Compile / compile
[debug] 	Test / compile
[info] Reapplying settings...
[info] set current project to untitled (in build file:/C:/Users/Админ/Desktop/Scala/untitled/)
[debug] > Exec(idea-shell, None, None)
