[debug] > Exec(early(addDefaultCommands), None, None)
[debug] > Exec(addDefaultCommands, None, None)
[debug] > Exec(early(initialize), None, None)
[debug] > Exec(initialize, None, None)
[debug] > Exec(early(addPluginSbtFile="""C:\Users\Админ\AppData\Local\Temp\idea.sbt"""), None, None)
[debug] > Exec(addPluginSbtFile="""C:\Users\Админ\AppData\Local\Temp\idea.sbt""", None, None)
[debug] > Exec(boot, None, None)
[debug] > Exec(writeSbtVersion, None, None)
[debug] > Exec(reload, None, None)
[debug] > Exec(sbtStashOnFailure, None, None)
[debug] > Exec(onFailure loadFailed, None, None)
[debug] > Exec(loadp, None, None)
[info] welcome to sbt 1.4.6 (Oracle Corporation Java 15.0.1)
[debug]       Load.loadUnit: plugins took 92.6777ms
[debug]       Load.loadUnit: defsScala took 0.2201ms
[debug] [Loading] Scanning directory C:\Users\Админ\.sbt\1.0\plugins
[debug] [Loading] Found non-root projects 
[debug] [Loading] Done in C:\Users\Админ\.sbt\1.0\plugins, returning: ()
[debug] deducing auto plugins based on known facts Set(Atom(sbt.plugins.CorePlugin)) and clauses Clauses(List(Clause(Atom(sbt.plugins.JvmPlugin),Set(Atom(sbt.plugins.IvyPlugin))), Clause(Atom(sbt.ScriptedPlugin),Set(Atom(sbt.plugins.JvmPlugin))), Clause(Atom(sbt.plugins.SbtPlugin),Set(Atom(sbt.ScriptedPlugin))), Clause(Atom(sbt.plugins.SemanticdbPlugin),Set(Atom(sbt.plugins.JvmPlugin))), Clause(Atom(sbt.plugins.JUnitXmlReportPlugin),Set(Atom(sbt.plugins.JvmPlugin))), Clause(Atom(sbt.plugins.MiniDependencyTreePlugin),Set(Atom(sbt.plugins.JvmPlugin))), Clause(Atom(sbt.plugins.CorePlugin),Set(Atom(sbt.plugins.IvyPlugin))), Clause(Atom(sbt.plugins.IvyPlugin),Set(Atom(sbt.plugins.JvmPlugin))), Clause(Atom(sbt.plugins.JvmPlugin),Set(Atom(sbt.plugins.SemanticdbPlugin))), Clause(Atom(sbt.plugins.JvmPlugin),Set(Atom(sbt.plugins.JUnitXmlReportPlugin))), Clause(Atom(sbt.plugins.CorePlugin),Set(Atom(sbt.plugins.Giter8TemplatePlugin))), Clause(Atom(sbt.plugins.JvmPlugin),Set(Atom(sbt.plugins.MiniDependencyTreePlugin)))))
[debug]   :: deduced result: Matched(sbt.plugins.CorePlugin,sbt.plugins.Giter8TemplatePlugin,sbt.plugins.IvyPlugin,sbt.plugins.JvmPlugin,sbt.plugins.MiniDependencyTreePlugin,sbt.plugins.JUnitXmlReportPlugin,sbt.plugins.SemanticdbPlugin)
[debug] Plugins.deducer#function took 16.7201 ms
[debug]           Load.resolveProject(global-plugins) took 35.2595ms
[debug]         Load.loadTransitive: finalizeProject(Project(id global-plugins, base: C:\Users\Админ\.sbt\1.0\plugins, plugins: List(<none>))) took 74.6414ms
[debug] [Loading] Done in C:\Users\Админ\.sbt\1.0\plugins, returning: (global-plugins)
[debug]       Load.loadUnit: loadedProjectsRaw took 93.6562ms
[debug]       Load.loadUnit: cleanEvalClasses took 0.2384ms
[debug]     Load.loadUnit(file:/C:/Users/Админ/.sbt/1.0/plugins/, ...) took 194.8473ms
[debug]   Load.apply: load took 471.9214ms
[debug]   Load.apply: resolveProjects took 6.1341ms
[debug]   Load.apply: finalTransforms took 69.2792ms
[debug]   Load.apply: config.delegates took 4.7639ms
[debug]   Load.apply: Def.make(settings)... took 371.9289ms
[debug]   Load.apply: structureIndex took 83.9046ms
[debug]   Load.apply: mkStreams took 1.209ms
[info] loading global plugins from C:\Users\Админ\.sbt\1.0\plugins
[debug] Running task... Cancel: Signal, check cycles: false, forcegc: true
[debug] Load.defaultLoad until apply took 2302.6531ms
[debug]           Load.loadUnit: plugins took 28.0326ms
[debug]           Load.loadUnit: defsScala took 0.0026ms
[debug] [Loading] Scanning directory C:\Users\Админ\Desktop\Scala\untitled\project
[debug]             Load.loadUnit: mkEval took 4.7719ms
[debug] [Loading] Found non-root projects 
[debug] [Loading] Done in C:\Users\Админ\Desktop\Scala\untitled\project, returning: ()
[debug] deducing auto plugins based on known facts Set(Atom(sbt.plugins.CorePlugin)) and clauses Clauses(List(Clause(Atom(sbt.plugins.JvmPlugin),Set(Atom(sbt.plugins.IvyPlugin))), Clause(Atom(sbt.ScriptedPlugin),Set(Atom(sbt.plugins.JvmPlugin))), Clause(Atom(sbt.plugins.SbtPlugin),Set(Atom(sbt.ScriptedPlugin))), Clause(Atom(sbt.plugins.SemanticdbPlugin),Set(Atom(sbt.plugins.JvmPlugin))), Clause(Atom(sbt.plugins.JUnitXmlReportPlugin),Set(Atom(sbt.plugins.JvmPlugin))), Clause(Atom(sbt.plugins.MiniDependencyTreePlugin),Set(Atom(sbt.plugins.JvmPlugin))), Clause(Atom(sbt.plugins.CorePlugin),Set(Atom(sbt.plugins.IvyPlugin))), Clause(Atom(sbt.plugins.IvyPlugin),Set(Atom(sbt.plugins.JvmPlugin))), Clause(Atom(sbt.plugins.JvmPlugin),Set(Atom(sbt.plugins.SemanticdbPlugin))), Clause(Atom(sbt.plugins.JvmPlugin),Set(Atom(sbt.plugins.JUnitXmlReportPlugin))), Clause(Atom(sbt.plugins.CorePlugin),Set(Atom(sbt.plugins.Giter8TemplatePlugin))), Clause(Atom(sbt.plugins.JvmPlugin),Set(Atom(sbt.plugins.MiniDependencyTreePlugin)))))
[debug]   :: deduced result: Matched(sbt.plugins.CorePlugin,sbt.plugins.Giter8TemplatePlugin,sbt.plugins.IvyPlugin,sbt.plugins.JvmPlugin,sbt.plugins.MiniDependencyTreePlugin,sbt.plugins.JUnitXmlReportPlugin,sbt.plugins.SemanticdbPlugin)
[debug] Plugins.deducer#function took 2.0131 ms
[info] loading settings for project untitled-build from idea.sbt ...
[debug]               Load.resolveProject(untitled-build) took 2.673ms
[debug]             Load.loadTransitive: finalizeProject(Project(id untitled-build, base: C:\Users\Админ\Desktop\Scala\untitled\project, plugins: List(<none>))) took 5.3446ms
[debug] [Loading] Done in C:\Users\Админ\Desktop\Scala\untitled\project, returning: (untitled-build)
[debug]           Load.loadUnit: loadedProjectsRaw took 103.5959ms
[debug]           Load.loadUnit: cleanEvalClasses took 4.9574ms
[debug]         Load.loadUnit(file:/C:/Users/Админ/Desktop/Scala/untitled/project/, ...) took 137.4496ms
[debug]       Load.apply: load took 138.8018ms
[debug]       Load.apply: resolveProjects took 0.1117ms
[debug]       Load.apply: finalTransforms took 20.5621ms
[debug]       Load.apply: config.delegates took 0.4366ms
[debug]       Load.apply: Def.make(settings)... took 64.1442ms
[debug]       Load.apply: structureIndex took 22.0298ms
[debug]       Load.apply: mkStreams took 0.0034ms
[info] loading project definition from C:\Users\Админ\Desktop\Scala\untitled\project
[debug] Running task... Cancel: Signal, check cycles: false, forcegc: true
[debug]     Load.loadUnit: plugins took 500.1394ms
[debug]     Load.loadUnit: defsScala took 0.0023ms
[debug] [Loading] Scanning directory C:\Users\Админ\Desktop\Scala\untitled
[debug]       Load.loadUnit: mkEval took 0.2104ms
[debug] [Loading] Found non-root projects 
[debug] [Loading] Done in C:\Users\Админ\Desktop\Scala\untitled, returning: ()
[debug] deducing auto plugins based on known facts Set(Atom(sbt.plugins.CorePlugin)) and clauses Clauses(List(Clause(Atom(sbt.plugins.JvmPlugin),Set(Atom(sbt.plugins.IvyPlugin))), Clause(Atom(sbt.ScriptedPlugin),Set(Atom(sbt.plugins.JvmPlugin))), Clause(Atom(sbt.plugins.SbtPlugin),Set(Atom(sbt.ScriptedPlugin))), Clause(Atom(sbt.plugins.SemanticdbPlugin),Set(Atom(sbt.plugins.JvmPlugin))), Clause(Atom(sbt.plugins.JUnitXmlReportPlugin),Set(Atom(sbt.plugins.JvmPlugin))), Clause(Atom(sbt.plugins.MiniDependencyTreePlugin),Set(Atom(sbt.plugins.JvmPlugin))), Clause(Atom(org.jetbrains.sbt.StructurePlugin),Set(Atom(sbt.plugins.JvmPlugin))), Clause(Atom(org.jetbrains.sbt.IdeaShellPlugin),Set(Atom(sbt.plugins.JvmPlugin))), Clause(Atom(org.jetbrains.sbt.indices.SbtIntellijIndicesPlugin),Set(Atom(sbt.plugins.JvmPlugin))), Clause(Atom(sbt.plugins.CorePlugin),Set(Atom(sbt.plugins.IvyPlugin))), Clause(Atom(sbt.plugins.IvyPlugin),Set(Atom(sbt.plugins.JvmPlugin))), Clause(Atom(sbt.plugins.JvmPlugin),Set(Atom(sbt.plugins.SemanticdbPlugin))), Clause(Atom(sbt.plugins.JvmPlugin),Set(Atom(sbt.plugins.JUnitXmlReportPlugin))), Clause(Atom(sbt.plugins.CorePlugin),Set(Atom(sbt.plugins.Giter8TemplatePlugin))), Clause(Atom(sbt.plugins.JvmPlugin),Set(Atom(sbt.plugins.MiniDependencyTreePlugin))), Clause(Atom(sbt.plugins.JvmPlugin),Set(Atom(org.jetbrains.sbt.StructurePlugin))), Clause(Atom(sbt.plugins.JvmPlugin),Set(Atom(org.jetbrains.sbt.IdeaShellPlugin))), Clause(And(Set(Atom(sbt.plugins.CorePlugin), Atom(sbt.plugins.JvmPlugin))),Set(Atom(org.jetbrains.sbt.indices.SbtIntellijIndicesPlugin)))))
[debug]   :: deduced result: Matched(sbt.plugins.CorePlugin,sbt.plugins.Giter8TemplatePlugin,sbt.plugins.IvyPlugin,sbt.plugins.JvmPlugin,sbt.plugins.SemanticdbPlugin,org.jetbrains.sbt.indices.SbtIntellijIndicesPlugin,sbt.plugins.JUnitXmlReportPlugin,org.jetbrains.sbt.IdeaShellPlugin,org.jetbrains.sbt.StructurePlugin,sbt.plugins.MiniDependencyTreePlugin)
[debug] Plugins.deducer#function took 1.388 ms
[info] loading settings for project untitled from build.sbt ...
[debug]         Load.resolveProject(untitled) took 18.4172ms
[debug]       Load.loadTransitive: finalizeProject(Project(id untitled, base: C:\Users\Админ\Desktop\Scala\untitled, plugins: List(<none>))) took 20.5336ms
[debug] [Loading] Done in C:\Users\Админ\Desktop\Scala\untitled, returning: (untitled)
[debug]     Load.loadUnit: loadedProjectsRaw took 88.6698ms
[debug]     Load.loadUnit: cleanEvalClasses took 13.3802ms
[debug]   Load.loadUnit(file:/C:/Users/Админ/Desktop/Scala/untitled/, ...) took 603.0511ms
[debug] Load.apply: load took 605.1177ms
[debug] Load.apply: resolveProjects took 0.1413ms
[debug] Load.apply: finalTransforms took 20.2289ms
[debug] Load.apply: config.delegates took 0.2747ms
[debug] Load.apply: Def.make(settings)... took 61.441ms
[debug] Load.apply: structureIndex took 21.8562ms
[debug] Load.apply: mkStreams took 0.0021ms
[info] set current project to untitled (in build file:/C:/Users/Админ/Desktop/Scala/untitled/)
[debug] > Exec(sbtPopOnFailure, None, None)
[debug] > Exec(resumeFromFailure, None, None)
[debug] > Exec(notifyUsersAboutShell, None, None)
[debug] > Exec(iflast shell, None, None)
[debug] > Exec(; set ideaPort in Global := 62141 ; idea-shell, None, None)
[debug] > Exec(set ideaPort in Global := 62141, None, None)
[info] Defining Global / ideaPort
[info] The new value will be used by Compile / compile, Test / compile
[debug] Defining 
[debug] 	Global / ideaPort
[debug] 
[debug] The new value will be used by 
[debug] 	Compile / compile
[debug] 	Test / compile
[info] Reapplying settings...
[info] set current project to untitled (in build file:/C:/Users/Админ/Desktop/Scala/untitled/)
[debug] > Exec(idea-shell, None, None)
